<?xml version="1.0" encoding="UTF-8"?>
<!-- Generated by org.testng.reporters.JUnitXMLReporter -->
<testsuite ignored="0" hostname="BT-21051566" failures="0" tests="11" name="FlightBookingTest" time="24.763" errors="0" timestamp="2026-03-10T09:52:56 IST">
  <testcase classname="tests.FlightBookingTest" name="navigateToApplication" time="2.118"/>
  <testcase classname="tests.FlightBookingTest" name="selectDepartureCity" time="1.229"/>
  <testcase classname="tests.FlightBookingTest" name="selectDestinationCity" time="1.202"/>
  <testcase classname="tests.FlightBookingTest" name="clickFindFlights" time="1.646"/>
  <testcase classname="tests.FlightBookingTest" name="verifyFlightsList" time="1.038"/>
  <testcase classname="tests.FlightBookingTest" name="chooseFlight" time="1.76"/>
  <testcase classname="tests.FlightBookingTest" name="verifyPurchasePage" time="1.003"/>
  <testcase classname="tests.FlightBookingTest" name="enterPersonalDetails" time="2.017"/>
  <testcase classname="tests.FlightBookingTest" name="enterPaymentDetails" time="2.26"/>
  <testcase classname="tests.FlightBookingTest" name="purchaseFlight" time="2.053"/>
  <testcase classname="tests.FlightBookingTest" name="verifyBookingConfirmation" time="0.056"/>
</testsuite> <!-- FlightBookingTest -->
