<?xml version="1.0" encoding="UTF-8"?>
<testng-results ignored="0" total="11" passed="11" failed="0" skipped="0">
  <reporter-output>
  </reporter-output>
  <suite started-at="2026-03-10T09:52:31 IST" name="FlightBookingSuite" finished-at="2026-03-10T09:52:56 IST" duration-ms="24763">
    <groups>
    </groups>
    <test started-at="2026-03-10T09:52:31 IST" name="FlightBookingTest" finished-at="2026-03-10T09:52:56 IST" duration-ms="24763">
      <class name="tests.FlightBookingTest">
        <test-method is-config="true" signature="setup()[pri:0, instance:tests.FlightBookingTest@41a2befb]" started-at="2026-03-10T09:52:32 IST" name="setup" finished-at="2026-03-10T09:52:39 IST" duration-ms="7818" status="PASS">
          <reporter-output>
          </reporter-output>
        </test-method> <!-- setup -->
        <test-method is-config="true" signature="initPages()[pri:0, instance:tests.FlightBookingTest@41a2befb]" started-at="2026-03-10T09:52:39 IST" name="initPages" finished-at="2026-03-10T09:52:39 IST" duration-ms="13" status="PASS">
          <reporter-output>
          </reporter-output>
        </test-method> <!-- initPages -->
        <test-method signature="navigateToApplication()[pri:1, instance:tests.FlightBookingTest@41a2befb]" started-at="2026-03-10T09:52:39 IST" name="navigateToApplication" finished-at="2026-03-10T09:52:42 IST" duration-ms="2118" status="PASS">
          <reporter-output>
          </reporter-output>
        </test-method> <!-- navigateToApplication -->
        <test-method signature="selectDepartureCity()[pri:2, instance:tests.FlightBookingTest@41a2befb]" started-at="2026-03-10T09:52:42 IST" name="selectDepartureCity" finished-at="2026-03-10T09:52:43 IST" duration-ms="1229" status="PASS">
          <reporter-output>
          </reporter-output>
        </test-method> <!-- selectDepartureCity -->
        <test-method signature="selectDestinationCity()[pri:3, instance:tests.FlightBookingTest@41a2befb]" started-at="2026-03-10T09:52:43 IST" name="selectDestinationCity" finished-at="2026-03-10T09:52:44 IST" duration-ms="1202" status="PASS">
          <reporter-output>
          </reporter-output>
        </test-method> <!-- selectDestinationCity -->
        <test-method signature="clickFindFlights()[pri:4, instance:tests.FlightBookingTest@41a2befb]" started-at="2026-03-10T09:52:44 IST" name="clickFindFlights" finished-at="2026-03-10T09:52:46 IST" duration-ms="1646" status="PASS">
          <reporter-output>
          </reporter-output>
        </test-method> <!-- clickFindFlights -->
        <test-method signature="verifyFlightsList()[pri:5, instance:tests.FlightBookingTest@41a2befb]" started-at="2026-03-10T09:52:46 IST" name="verifyFlightsList" finished-at="2026-03-10T09:52:47 IST" duration-ms="1038" status="PASS">
          <reporter-output>
          </reporter-output>
        </test-method> <!-- verifyFlightsList -->
        <test-method signature="chooseFlight()[pri:6, instance:tests.FlightBookingTest@41a2befb]" started-at="2026-03-10T09:52:47 IST" name="chooseFlight" finished-at="2026-03-10T09:52:48 IST" duration-ms="1760" status="PASS">
          <reporter-output>
          </reporter-output>
        </test-method> <!-- chooseFlight -->
        <test-method signature="verifyPurchasePage()[pri:7, instance:tests.FlightBookingTest@41a2befb]" started-at="2026-03-10T09:52:48 IST" name="verifyPurchasePage" finished-at="2026-03-10T09:52:49 IST" duration-ms="1003" status="PASS">
          <reporter-output>
          </reporter-output>
        </test-method> <!-- verifyPurchasePage -->
        <test-method signature="enterPersonalDetails()[pri:8, instance:tests.FlightBookingTest@41a2befb]" started-at="2026-03-10T09:52:49 IST" name="enterPersonalDetails" finished-at="2026-03-10T09:52:51 IST" duration-ms="2017" status="PASS">
          <reporter-output>
          </reporter-output>
        </test-method> <!-- enterPersonalDetails -->
        <test-method signature="enterPaymentDetails()[pri:9, instance:tests.FlightBookingTest@41a2befb]" started-at="2026-03-10T09:52:51 IST" name="enterPaymentDetails" finished-at="2026-03-10T09:52:54 IST" duration-ms="2260" status="PASS">
          <reporter-output>
          </reporter-output>
        </test-method> <!-- enterPaymentDetails -->
        <test-method signature="purchaseFlight()[pri:10, instance:tests.FlightBookingTest@41a2befb]" started-at="2026-03-10T09:52:54 IST" name="purchaseFlight" finished-at="2026-03-10T09:52:56 IST" duration-ms="2053" status="PASS">
          <reporter-output>
          </reporter-output>
        </test-method> <!-- purchaseFlight -->
        <test-method signature="verifyBookingConfirmation()[pri:11, instance:tests.FlightBookingTest@41a2befb]" started-at="2026-03-10T09:52:56 IST" name="verifyBookingConfirmation" finished-at="2026-03-10T09:52:56 IST" duration-ms="56" status="PASS">
          <reporter-output>
          </reporter-output>
        </test-method> <!-- verifyBookingConfirmation -->
        <test-method is-config="true" signature="tearDown()[pri:0, instance:tests.FlightBookingTest@41a2befb]" started-at="2026-03-10T09:52:56 IST" name="tearDown" finished-at="2026-03-10T09:52:56 IST" duration-ms="399" status="PASS">
          <reporter-output>
          </reporter-output>
        </test-method> <!-- tearDown -->
      </class> <!-- tests.FlightBookingTest -->
    </test> <!-- FlightBookingTest -->
  </suite> <!-- FlightBookingSuite -->
</testng-results>
